<?xml version="1.0" encoding="UTF-8"?>
<testsuite name="RecipApp.AppTest" tests="1" skipped="0" failures="0" errors="0" timestamp="2021-03-16T17:13:08" hostname="saleh-OMEN-Laptop-15-ek0xxx" time="0.001">
  <properties/>
  <testcase name="testAppHasAGreeting" classname="RecipApp.AppTest" time="0.001"/>
  <system-out><![CDATA[]]></system-out>
  <system-err><![CDATA[]]></system-err>
</testsuite>
