<?xml version="1.0" encoding="UTF-8"?>
<testsuite name="RecipApp.AppTest" tests="1" skipped="0" failures="0" errors="0" timestamp="2021-03-16T20:13:03" hostname="saleh-OMEN-Laptop-15-ek0xxx" time="0.002">
  <properties/>
  <testcase name="testAppCreatesIngredient" classname="RecipApp.AppTest" time="0.002"/>
  <system-out><![CDATA[]]></system-out>
  <system-err><![CDATA[]]></system-err>
</testsuite>
